<?xml version="1.0" encoding="UTF-8"?>
<!-- Generated by org.testng.reporters.JUnitReportReporter -->
<testsuite hostname="LAPTOP-O6KIFBQ7" failures="0" tests="1" name="DemoTest" time="17.033" errors="0" timestamp="2021-02-23T11:21:58 IST" skipped="0">
  <testcase classname="DemoTest" name="Test" time="17.033"/>
  <system-out/>
</testsuite> <!-- DemoTest -->
